0 pairs completed 3.1 30m OFFLINE
Elapsed time:  0.0  minutes
Starting v3: GBPJPY
Starting v3: GBPUSD
Starting v3: GBPAUD
Starting v3: GBPCAD
Starting v3: GBPNZD
Starting v3: GBPCHF
Starting v3: USDJPY
Starting v3: USDCAD
Starting v3: USDCHF
Starting v3: NZDJPY
Starting v3: NZDCHF
Starting v3: NZDCAD
Starting v3: EURJPY
Starting v3: EURAUD
Starting v3: EURCAD
Starting v3: EURCHF
Starting v3: AUDCAD
17 pairs completed 3.1 30m buyHold
Elapsed time:  13.02  minutes
Starting v3: EURGBP
Starting v3: AUDUSD
Starting v3: EURUSD
Starting v3: NZDUSD
Starting v3: EURNZD
Starting v3: AUDNZD
Starting v3: CADJPY
Starting v3: CHFJPY
Starting v3: AUDJPY
Starting v3: AUDCHF
Starting v3: CADCHF
11 pairs completed 3.1 30m sellHold
Elapsed time:  8.07  minutes
